Started GET "/" for 172.21.0.1 at 2022-02-12 08:47:14 +0000
  
ActiveRecord::NoDatabaseError (We could not find your database: transactions_development. Which can be found in the database configuration file located at config/database.yml.

To resolve this issue:

- Did you create the database for this app, or delete it? You may need to create your database.
- Has the database name changed? Check your database.yml config has the correct database name.

To create your database, run:

        bin/rails db:create
):
  
activerecord (7.0.2) lib/active_record/connection_adapters/postgresql_adapter.rb:81:in `rescue in new_client'
activerecord (7.0.2) lib/active_record/connection_adapters/postgresql_adapter.rb:77:in `new_client'
activerecord (7.0.2) lib/active_record/connection_adapters/postgresql_adapter.rb:37:in `postgresql_connection'
activerecord (7.0.2) lib/active_record/connection_adapters/abstract/connection_pool.rb:656:in `public_send'
activerecord (7.0.2) lib/active_record/connection_adapters/abstract/connection_pool.rb:656:in `new_connection'
activerecord (7.0.2) lib/active_record/connection_adapters/abstract/connection_pool.rb:700:in `checkout_new_connection'
activerecord (7.0.2) lib/active_record/connection_adapters/abstract/connection_pool.rb:679:in `try_to_checkout_new_connection'
activerecord (7.0.2) lib/active_record/connection_adapters/abstract/connection_pool.rb:640:in `acquire_connection'
activerecord (7.0.2) lib/active_record/connection_adapters/abstract/connection_pool.rb:341:in `checkout'
activerecord (7.0.2) lib/active_record/connection_adapters/abstract/connection_pool.rb:181:in `connection'
activerecord (7.0.2) lib/active_record/connection_adapters/abstract/connection_handler.rb:211:in `retrieve_connection'
activerecord (7.0.2) lib/active_record/connection_handling.rb:313:in `retrieve_connection'
activerecord (7.0.2) lib/active_record/connection_handling.rb:280:in `connection'
activerecord (7.0.2) lib/active_record/migration.rb:613:in `connection'
activerecord (7.0.2) lib/active_record/migration.rb:608:in `build_watcher'
activerecord (7.0.2) lib/active_record/migration.rb:590:in `block in call'
activerecord (7.0.2) lib/active_record/migration.rb:589:in `synchronize'
activerecord (7.0.2) lib/active_record/migration.rb:589:in `call'
actionpack (7.0.2) lib/action_dispatch/middleware/callbacks.rb:27:in `block in call'
activesupport (7.0.2) lib/active_support/callbacks.rb:99:in `run_callbacks'
actionpack (7.0.2) lib/action_dispatch/middleware/callbacks.rb:26:in `call'
actionpack (7.0.2) lib/action_dispatch/middleware/executor.rb:14:in `call'
actionpack (7.0.2) lib/action_dispatch/middleware/actionable_exceptions.rb:17:in `call'
actionpack (7.0.2) lib/action_dispatch/middleware/debug_exceptions.rb:28:in `call'
actionpack (7.0.2) lib/action_dispatch/middleware/show_exceptions.rb:26:in `call'
railties (7.0.2) lib/rails/rack/logger.rb:36:in `call_app'
railties (7.0.2) lib/rails/rack/logger.rb:25:in `block in call'
activesupport (7.0.2) lib/active_support/tagged_logging.rb:99:in `block in tagged'
activesupport (7.0.2) lib/active_support/tagged_logging.rb:37:in `tagged'
activesupport (7.0.2) lib/active_support/tagged_logging.rb:99:in `tagged'
railties (7.0.2) lib/rails/rack/logger.rb:25:in `call'
actionpack (7.0.2) lib/action_dispatch/middleware/remote_ip.rb:93:in `call'
actionpack (7.0.2) lib/action_dispatch/middleware/request_id.rb:26:in `call'
rack (2.2.3) lib/rack/runtime.rb:22:in `call'
activesupport (7.0.2) lib/active_support/cache/strategy/local_cache_middleware.rb:29:in `call'
actionpack (7.0.2) lib/action_dispatch/middleware/server_timing.rb:20:in `call'
actionpack (7.0.2) lib/action_dispatch/middleware/executor.rb:14:in `call'
actionpack (7.0.2) lib/action_dispatch/middleware/static.rb:23:in `call'
rack (2.2.3) lib/rack/sendfile.rb:110:in `call'
actionpack (7.0.2) lib/action_dispatch/middleware/host_authorization.rb:137:in `call'
railties (7.0.2) lib/rails/engine.rb:530:in `call'
puma (5.6.1) lib/puma/configuration.rb:252:in `call'
puma (5.6.1) lib/puma/request.rb:77:in `block in handle_request'
puma (5.6.1) lib/puma/thread_pool.rb:340:in `with_force_shutdown'
puma (5.6.1) lib/puma/request.rb:76:in `handle_request'
puma (5.6.1) lib/puma/server.rb:441:in `process_client'
puma (5.6.1) lib/puma/thread_pool.rb:147:in `block in spawn_thread'
Started GET "/favicon.ico" for 172.21.0.1 at 2022-02-12 08:47:15 +0000
  
ActiveRecord::NoDatabaseError (We could not find your database: transactions_development. Which can be found in the database configuration file located at config/database.yml.

To resolve this issue:

- Did you create the database for this app, or delete it? You may need to create your database.
- Has the database name changed? Check your database.yml config has the correct database name.

To create your database, run:

        bin/rails db:create
):
  
activerecord (7.0.2) lib/active_record/connection_adapters/postgresql_adapter.rb:81:in `rescue in new_client'
activerecord (7.0.2) lib/active_record/connection_adapters/postgresql_adapter.rb:77:in `new_client'
activerecord (7.0.2) lib/active_record/connection_adapters/postgresql_adapter.rb:37:in `postgresql_connection'
activerecord (7.0.2) lib/active_record/connection_adapters/abstract/connection_pool.rb:656:in `public_send'
activerecord (7.0.2) lib/active_record/connection_adapters/abstract/connection_pool.rb:656:in `new_connection'
activerecord (7.0.2) lib/active_record/connection_adapters/abstract/connection_pool.rb:700:in `checkout_new_connection'
activerecord (7.0.2) lib/active_record/connection_adapters/abstract/connection_pool.rb:679:in `try_to_checkout_new_connection'
activerecord (7.0.2) lib/active_record/connection_adapters/abstract/connection_pool.rb:640:in `acquire_connection'
activerecord (7.0.2) lib/active_record/connection_adapters/abstract/connection_pool.rb:341:in `checkout'
activerecord (7.0.2) lib/active_record/connection_adapters/abstract/connection_pool.rb:181:in `connection'
activerecord (7.0.2) lib/active_record/connection_adapters/abstract/connection_handler.rb:211:in `retrieve_connection'
activerecord (7.0.2) lib/active_record/connection_handling.rb:313:in `retrieve_connection'
activerecord (7.0.2) lib/active_record/connection_handling.rb:280:in `connection'
activerecord (7.0.2) lib/active_record/migration.rb:613:in `connection'
activerecord (7.0.2) lib/active_record/migration.rb:608:in `build_watcher'
activerecord (7.0.2) lib/active_record/migration.rb:590:in `block in call'
activerecord (7.0.2) lib/active_record/migration.rb:589:in `synchronize'
activerecord (7.0.2) lib/active_record/migration.rb:589:in `call'
actionpack (7.0.2) lib/action_dispatch/middleware/callbacks.rb:27:in `block in call'
activesupport (7.0.2) lib/active_support/callbacks.rb:99:in `run_callbacks'
actionpack (7.0.2) lib/action_dispatch/middleware/callbacks.rb:26:in `call'
actionpack (7.0.2) lib/action_dispatch/middleware/executor.rb:14:in `call'
actionpack (7.0.2) lib/action_dispatch/middleware/actionable_exceptions.rb:17:in `call'
actionpack (7.0.2) lib/action_dispatch/middleware/debug_exceptions.rb:28:in `call'
actionpack (7.0.2) lib/action_dispatch/middleware/show_exceptions.rb:26:in `call'
railties (7.0.2) lib/rails/rack/logger.rb:36:in `call_app'
railties (7.0.2) lib/rails/rack/logger.rb:25:in `block in call'
activesupport (7.0.2) lib/active_support/tagged_logging.rb:99:in `block in tagged'
activesupport (7.0.2) lib/active_support/tagged_logging.rb:37:in `tagged'
activesupport (7.0.2) lib/active_support/tagged_logging.rb:99:in `tagged'
railties (7.0.2) lib/rails/rack/logger.rb:25:in `call'
actionpack (7.0.2) lib/action_dispatch/middleware/remote_ip.rb:93:in `call'
actionpack (7.0.2) lib/action_dispatch/middleware/request_id.rb:26:in `call'
rack (2.2.3) lib/rack/runtime.rb:22:in `call'
activesupport (7.0.2) lib/active_support/cache/strategy/local_cache_middleware.rb:29:in `call'
actionpack (7.0.2) lib/action_dispatch/middleware/server_timing.rb:20:in `call'
actionpack (7.0.2) lib/action_dispatch/middleware/executor.rb:14:in `call'
actionpack (7.0.2) lib/action_dispatch/middleware/static.rb:23:in `call'
rack (2.2.3) lib/rack/sendfile.rb:110:in `call'
actionpack (7.0.2) lib/action_dispatch/middleware/host_authorization.rb:137:in `call'
railties (7.0.2) lib/rails/engine.rb:530:in `call'
puma (5.6.1) lib/puma/configuration.rb:252:in `call'
puma (5.6.1) lib/puma/request.rb:77:in `block in handle_request'
puma (5.6.1) lib/puma/thread_pool.rb:340:in `with_force_shutdown'
puma (5.6.1) lib/puma/request.rb:76:in `handle_request'
puma (5.6.1) lib/puma/server.rb:441:in `process_client'
puma (5.6.1) lib/puma/thread_pool.rb:147:in `block in spawn_thread'
  [1m[35m (2043.4ms)[0m  [1m[35mCREATE DATABASE "transactions_development" ENCODING = 'unicode'[0m
  [1m[35m (1626.9ms)[0m  [1m[35mCREATE DATABASE "transactions_test" ENCODING = 'unicode'[0m
Started GET "/" for 172.21.0.1 at 2022-02-12 08:48:20 +0000
Processing by Rails::WelcomeController#index as HTML
  Rendering /usr/local/bundle/gems/railties-7.0.2/lib/rails/templates/rails/welcome/index.html.erb
  Rendered /usr/local/bundle/gems/railties-7.0.2/lib/rails/templates/rails/welcome/index.html.erb (Duration: 3.0ms | Allocations: 806)
Completed 200 OK in 48ms (Views: 12.3ms | ActiveRecord: 0.0ms | Allocations: 6895)


  [1m[35m (99.8ms)[0m  [1m[35mCREATE TABLE "schema_migrations" ("version" character varying NOT NULL PRIMARY KEY)[0m
  [1m[35m (21.6ms)[0m  [1m[35mCREATE TABLE "ar_internal_metadata" ("key" character varying NOT NULL PRIMARY KEY, "value" character varying, "created_at" timestamp(6) NOT NULL, "updated_at" timestamp(6) NOT NULL)[0m
  [1m[35m (1.0ms)[0m  [1m[34mSELECT pg_try_advisory_lock(8364784763724574290)[0m
  [1m[36mActiveRecord::SchemaMigration Pluck (2.8ms)[0m  [1m[34mSELECT "schema_migrations"."version" FROM "schema_migrations" ORDER BY "schema_migrations"."version" ASC[0m
Migrating to CreateTransactions (20220212085134)
  [1m[36mTRANSACTION (0.2ms)[0m  [1m[35mBEGIN[0m
  [1m[35m (29.2ms)[0m  [1m[35mCREATE TABLE "transactions" ("id" bigserial primary key, "created_at" timestamp(6) NOT NULL, "updated_at" timestamp(6) NOT NULL)[0m
  [1m[36mActiveRecord::SchemaMigration Create (3.5ms)[0m  [1m[32mINSERT INTO "schema_migrations" ("version") VALUES ($1) RETURNING "version"[0m  [["version", "20220212085134"]]
  [1m[36mTRANSACTION (1.9ms)[0m  [1m[35mCOMMIT[0m
Migrating to CreateActiveStorageTables (20220212090556)
  [1m[36mTRANSACTION (0.2ms)[0m  [1m[35mBEGIN[0m
  [1m[35m (24.2ms)[0m  [1m[35mCREATE TABLE "active_storage_blobs" ("id" bigserial primary key, "key" character varying NOT NULL, "filename" character varying NOT NULL, "content_type" character varying, "metadata" text, "service_name" character varying NOT NULL, "byte_size" bigint NOT NULL, "checksum" character varying, "created_at" timestamp(6) NOT NULL)[0m
  [1m[35m (6.4ms)[0m  [1m[35mCREATE UNIQUE INDEX "index_active_storage_blobs_on_key" ON "active_storage_blobs" ("key")[0m
  [1m[35m (40.7ms)[0m  [1m[35mCREATE TABLE "active_storage_attachments" ("id" bigserial primary key, "name" character varying NOT NULL, "record_type" character varying NOT NULL, "record_id" bigint NOT NULL, "blob_id" bigint NOT NULL, "created_at" timestamp(6) NOT NULL, CONSTRAINT "fk_rails_c3b3935057"
FOREIGN KEY ("blob_id")
  REFERENCES "active_storage_blobs" ("id")
)[0m
  [1m[35m (6.8ms)[0m  [1m[35mCREATE INDEX "index_active_storage_attachments_on_blob_id" ON "active_storage_attachments" ("blob_id")[0m
  [1m[35m (6.3ms)[0m  [1m[35mCREATE UNIQUE INDEX "index_active_storage_attachments_uniqueness" ON "active_storage_attachments" ("record_type", "record_id", "name", "blob_id")[0m
  [1m[35m (28.4ms)[0m  [1m[35mCREATE TABLE "active_storage_variant_records" ("id" bigserial primary key, "blob_id" bigint NOT NULL, "variation_digest" character varying NOT NULL, CONSTRAINT "fk_rails_993965df05"
FOREIGN KEY ("blob_id")
  REFERENCES "active_storage_blobs" ("id")
)[0m
  [1m[35m (5.8ms)[0m  [1m[35mCREATE UNIQUE INDEX "index_active_storage_variant_records_uniqueness" ON "active_storage_variant_records" ("blob_id", "variation_digest")[0m
  [1m[36mActiveRecord::SchemaMigration Create (0.3ms)[0m  [1m[32mINSERT INTO "schema_migrations" ("version") VALUES ($1) RETURNING "version"[0m  [["version", "20220212090556"]]
  [1m[36mTRANSACTION (2.0ms)[0m  [1m[35mCOMMIT[0m
  [1m[36mActiveRecord::InternalMetadata Load (2.0ms)[0m  [1m[34mSELECT "ar_internal_metadata".* FROM "ar_internal_metadata" WHERE "ar_internal_metadata"."key" = $1 LIMIT $2[0m  [["key", "environment"], ["LIMIT", 1]]
  [1m[36mTRANSACTION (0.1ms)[0m  [1m[35mBEGIN[0m
  [1m[36mActiveRecord::InternalMetadata Create (3.7ms)[0m  [1m[32mINSERT INTO "ar_internal_metadata" ("key", "value", "created_at", "updated_at") VALUES ($1, $2, $3, $4) RETURNING "key"[0m  [["key", "environment"], ["value", "development"], ["created_at", "2022-02-12 09:06:28.095095"], ["updated_at", "2022-02-12 09:06:28.095095"]]
  [1m[36mTRANSACTION (0.8ms)[0m  [1m[35mCOMMIT[0m
  [1m[35m (0.2ms)[0m  [1m[34mSELECT pg_advisory_unlock(8364784763724574290)[0m
  [1m[36mActiveRecord::SchemaMigration Pluck (3.6ms)[0m  [1m[34mSELECT "schema_migrations"."version" FROM "schema_migrations" ORDER BY "schema_migrations"."version" ASC[0m
  [1m[35m (0.9ms)[0m  [1m[34mSELECT pg_try_advisory_lock(8364784763724574290)[0m
  [1m[36mActiveRecord::SchemaMigration Pluck (5.0ms)[0m  [1m[34mSELECT "schema_migrations"."version" FROM "schema_migrations" ORDER BY "schema_migrations"."version" ASC[0m
Migrating to AddStructureToTransactions (20220212091001)
  [1m[36mTRANSACTION (0.2ms)[0m  [1m[35mBEGIN[0m
  [1m[35m (42.3ms)[0m  [1m[35mALTER TABLE "transactions" ADD "date" character varying[0m
  [1m[35m (0.3ms)[0m  [1m[35mALTER TABLE "transactions" ADD "value" decimal[0m
  [1m[35m (0.3ms)[0m  [1m[35mALTER TABLE "transactions" ADD "cpf" character varying[0m
  [1m[35m (0.1ms)[0m  [1m[35mALTER TABLE "transactions" ADD "card_number" character varying[0m
  [1m[35m (0.1ms)[0m  [1m[35mALTER TABLE "transactions" ADD "transaction_time" character varying[0m
  [1m[35m (0.1ms)[0m  [1m[35mALTER TABLE "transactions" ADD "store_owner" character varying[0m
  [1m[35m (0.2ms)[0m  [1m[35mALTER TABLE "transactions" ADD "store_name" character varying[0m
  [1m[35m (10.1ms)[0m  [1m[35mCREATE INDEX "index_transactions_on_transaction_type" ON "transactions" ("transaction_type")[0m
  [1m[36mTRANSACTION (0.1ms)[0m  [1m[31mROLLBACK[0m
  [1m[35m (0.2ms)[0m  [1m[34mSELECT pg_advisory_unlock(8364784763724574290)[0m
  [1m[35m (0.1ms)[0m  [1m[34mSELECT pg_try_advisory_lock(8364784763724574290)[0m
  [1m[36mActiveRecord::SchemaMigration Pluck (2.2ms)[0m  [1m[34mSELECT "schema_migrations"."version" FROM "schema_migrations" ORDER BY "schema_migrations"."version" ASC[0m
Migrating to AddStructureToTransactions (20220212091001)
  [1m[36mTRANSACTION (0.3ms)[0m  [1m[35mBEGIN[0m
  [1m[35m (15.2ms)[0m  [1m[35mALTER TABLE "transactions" ADD "date" character varying[0m
  [1m[35m (0.3ms)[0m  [1m[35mALTER TABLE "transactions" ADD "value" decimal[0m
  [1m[35m (0.1ms)[0m  [1m[35mALTER TABLE "transactions" ADD "cpf" character varying[0m
  [1m[35m (0.2ms)[0m  [1m[35mALTER TABLE "transactions" ADD "card_number" character varying[0m
  [1m[35m (0.2ms)[0m  [1m[35mALTER TABLE "transactions" ADD "transaction_time" character varying[0m
  [1m[35m (0.2ms)[0m  [1m[35mALTER TABLE "transactions" ADD "store_owner" character varying[0m
  [1m[35m (0.3ms)[0m  [1m[35mALTER TABLE "transactions" ADD "store_name" character varying[0m
  [1m[35m (9.6ms)[0m  [1m[35mCREATE INDEX "index_transactions_on_transaction_type" ON "transactions" ("transaction_type")[0m
  [1m[36mTRANSACTION (0.1ms)[0m  [1m[31mROLLBACK[0m
  [1m[35m (0.3ms)[0m  [1m[34mSELECT pg_advisory_unlock(8364784763724574290)[0m
  [1m[35m (0.1ms)[0m  [1m[34mSELECT pg_try_advisory_lock(8364784763724574290)[0m
  [1m[36mActiveRecord::SchemaMigration Pluck (2.4ms)[0m  [1m[34mSELECT "schema_migrations"."version" FROM "schema_migrations" ORDER BY "schema_migrations"."version" ASC[0m
Migrating to AddStructureToTransactions (20220212091001)
  [1m[35m (3.4ms)[0m  [1m[35mALTER TABLE "transactions" ADD "transaction_type" integer[0m
  [1m[36mTRANSACTION (0.1ms)[0m  [1m[35mBEGIN[0m
  [1m[35m (15.2ms)[0m  [1m[35mALTER TABLE "transactions" ADD "date" character varying[0m
  [1m[35m (0.3ms)[0m  [1m[35mALTER TABLE "transactions" ADD "value" decimal[0m
  [1m[35m (0.2ms)[0m  [1m[35mALTER TABLE "transactions" ADD "cpf" character varying[0m
  [1m[35m (0.2ms)[0m  [1m[35mALTER TABLE "transactions" ADD "card_number" character varying[0m
  [1m[35m (0.2ms)[0m  [1m[35mALTER TABLE "transactions" ADD "transaction_time" character varying[0m
  [1m[35m (0.2ms)[0m  [1m[35mALTER TABLE "transactions" ADD "store_owner" character varying[0m
  [1m[35m (0.2ms)[0m  [1m[35mALTER TABLE "transactions" ADD "store_name" character varying[0m
  [1m[35m (8.6ms)[0m  [1m[35mCREATE INDEX "index_transactions_on_transaction_type" ON "transactions" ("transaction_type")[0m
  [1m[36mActiveRecord::SchemaMigration Create (0.9ms)[0m  [1m[32mINSERT INTO "schema_migrations" ("version") VALUES ($1) RETURNING "version"[0m  [["version", "20220212091001"]]
  [1m[36mTRANSACTION (1.1ms)[0m  [1m[35mCOMMIT[0m
  [1m[36mActiveRecord::InternalMetadata Load (3.7ms)[0m  [1m[34mSELECT "ar_internal_metadata".* FROM "ar_internal_metadata" WHERE "ar_internal_metadata"."key" = $1 LIMIT $2[0m  [["key", "environment"], ["LIMIT", 1]]
  [1m[35m (0.2ms)[0m  [1m[34mSELECT pg_advisory_unlock(8364784763724574290)[0m
  [1m[36mActiveRecord::SchemaMigration Pluck (2.2ms)[0m  [1m[34mSELECT "schema_migrations"."version" FROM "schema_migrations" ORDER BY "schema_migrations"."version" ASC[0m
  [1m[36mTransaction Load (6.0ms)[0m  [1m[34mSELECT "transactions".* FROM "transactions"[0m
